<?xml version="1.0" encoding="UTF-8"?>
<!-- Generated by org.testng.reporters.JUnitXMLReporter -->
<testsuite ignored="0" hostname="Anikets-MacBook-Air.local" failures="1" tests="11" name="Free CRM App Test Cases" time="379.668" errors="0" timestamp="2025-01-12T19:52:08 IST">
  <testcase classname="com.crm.qa.testcases.LoginPageTest" name="loginPageTitleTest" time="0.056"/>
  <testcase classname="com.crm.qa.testcases.LoginPageTest" name="crmLogotestImage" time="5.073"/>
  <testcase classname="com.crm.qa.testcases.LoginPageTest" name="Login" time="7.702"/>
  <testcase classname="com.crm.qa.testcases.ForgotPasswordPageTest" name="clickonForgotPass" time="5.374"/>
  <testcase classname="com.crm.qa.testcases.ForgotPasswordPageTest" name="validateHeading" time="10.082"/>
  <testcase classname="com.crm.qa.testcases.ForgotPasswordPageTest" name="resetPasswordTest" time="17.784"/>
  <testcase classname="com.crm.qa.testcases.DashboardPageTest" name="userNameLabelTest" time="16.981"/>
  <testcase classname="com.crm.qa.testcases.AdminPageTest" name="clickCheckBoxTest" time="10.118">
    <failure type="org.openqa.selenium.NoSuchElementException" message="no such element: Unable to locate element: {&amp;quot;method&amp;quot;:&amp;quot;xpath&amp;quot;,&amp;quot;selector&amp;quot;:&amp;quot;//div[text()=&amp;apos;Beta002&amp;apos;]//parent::div//preceding-sibling::div//child::div//child::div//child::label//child::span//child::i[@class=&amp;apos;oxd-icon bi-check oxd-checkbox-input-icon&amp;apos;]&amp;quot;}
  (Session info: chrome=131.0.6778.265)
For documentation on this error, please visit: https://www.selenium.dev/documentation/webdriver/troubleshooting/errors#no-such-element-exception
Build info: version: &amp;apos;4.27.0&amp;apos;, revision: &amp;apos;d6e718d134&amp;apos;
System info: os.name: &amp;apos;Mac OS X&amp;apos;, os.arch: &amp;apos;x86_64&amp;apos;, os.version: &amp;apos;15.2&amp;apos;, java.version: &amp;apos;17.0.10&amp;apos;
Driver info: org.openqa.selenium.chrome.ChromeDriver
Command: [9a8ef40f5fb1884bfdb556420f8aaccc, findElement {value=//div[text()=&amp;apos;Beta002&amp;apos;]//parent::div//preceding-sibling::div//child::div//child::div//child::label//child::span//child::i[@class=&amp;apos;oxd-icon bi-check oxd-checkbox-input-icon&amp;apos;], using=xpath}]
Capabilities {acceptInsecureCerts: false, browserName: chrome, browserVersion: 131.0.6778.265, chrome: {chromedriverVersion: 131.0.6778.264 (2d05e315153..., userDataDir: /var/folders/fs/4v1ywsm95_l...}, fedcm:accounts: true, goog:chromeOptions: {debuggerAddress: localhost:58473}, networkConnectionEnabled: false, pageLoadStrategy: normal, platformName: mac, proxy: Proxy(), se:cdp: ws://localhost:58473/devtoo..., se:cdpVersion: 131.0.6778.265, setWindowRect: true, strictFileInteractability: false, timeouts: {implicit: 0, pageLoad: 300000, script: 30000}, unhandledPromptBehavior: dismiss and notify, webauthn:extension:credBlob: true, webauthn:extension:largeBlob: true, webauthn:extension:minPinLength: true, webauthn:extension:prf: true, webauthn:virtualAuthenticators: true}
Session ID: 9a8ef40f5fb1884bfdb556420f8aaccc">
      <![CDATA[org.openqa.selenium.NoSuchElementException: no such element: Unable to locate element: {"method":"xpath","selector":"//div[text()='Beta002']//parent::div//preceding-sibling::div//child::div//child::div//child::label//child::span//child::i[@class='oxd-icon bi-check oxd-checkbox-input-icon']"}
  (Session info: chrome=131.0.6778.265)
For documentation on this error, please visit: https://www.selenium.dev/documentation/webdriver/troubleshooting/errors#no-such-element-exception
Build info: version: '4.27.0', revision: 'd6e718d134'
System info: os.name: 'Mac OS X', os.arch: 'x86_64', os.version: '15.2', java.version: '17.0.10'
Driver info: org.openqa.selenium.chrome.ChromeDriver
Command: [9a8ef40f5fb1884bfdb556420f8aaccc, findElement {value=//div[text()='Beta002']//parent::div//preceding-sibling::div//child::div//child::div//child::label//child::span//child::i[@class='oxd-icon bi-check oxd-checkbox-input-icon'], using=xpath}]
Capabilities {acceptInsecureCerts: false, browserName: chrome, browserVersion: 131.0.6778.265, chrome: {chromedriverVersion: 131.0.6778.264 (2d05e315153..., userDataDir: /var/folders/fs/4v1ywsm95_l...}, fedcm:accounts: true, goog:chromeOptions: {debuggerAddress: localhost:58473}, networkConnectionEnabled: false, pageLoadStrategy: normal, platformName: mac, proxy: Proxy(), se:cdp: ws://localhost:58473/devtoo..., se:cdpVersion: 131.0.6778.265, setWindowRect: true, strictFileInteractability: false, timeouts: {implicit: 0, pageLoad: 300000, script: 30000}, unhandledPromptBehavior: dismiss and notify, webauthn:extension:credBlob: true, webauthn:extension:largeBlob: true, webauthn:extension:minPinLength: true, webauthn:extension:prf: true, webauthn:virtualAuthenticators: true}
Session ID: 9a8ef40f5fb1884bfdb556420f8aaccc
at org.openqa.selenium.remote.ErrorCodec.decode(ErrorCodec.java:167)
at org.openqa.selenium.remote.codec.w3c.W3CHttpResponseCodec.decode(W3CHttpResponseCodec.java:138)
at org.openqa.selenium.remote.codec.w3c.W3CHttpResponseCodec.decode(W3CHttpResponseCodec.java:50)
at org.openqa.selenium.remote.HttpCommandExecutor.execute(HttpCommandExecutor.java:190)
at org.openqa.selenium.remote.service.DriverCommandExecutor.invokeExecute(DriverCommandExecutor.java:216)
at org.openqa.selenium.remote.service.DriverCommandExecutor.execute(DriverCommandExecutor.java:174)
at org.openqa.selenium.remote.RemoteWebDriver.execute(RemoteWebDriver.java:545)
at org.openqa.selenium.remote.ElementLocation$ElementFinder$2.findElement(ElementLocation.java:165)
at org.openqa.selenium.remote.ElementLocation.findElement(ElementLocation.java:59)
at org.openqa.selenium.remote.RemoteWebDriver.findElement(RemoteWebDriver.java:368)
at org.openqa.selenium.remote.RemoteWebDriver.findElement(RemoteWebDriver.java:362)
at com.crm.qa.pages.AdminPage.clickCheckbox(AdminPage.java:23)
at com.crm.qa.testcases.AdminPageTest.clickCheckBoxTest(AdminPageTest.java:34)
at java.base/java.util.ArrayList.forEach(ArrayList.java:1511)
... Removed 32 stack frames]]>
    </failure>
  </testcase> <!-- clickCheckBoxTest -->
  <testcase classname="com.crm.qa.testcases.PIMPageTest" name="createRecordTest" time="3.606"/>
  <testcase classname="com.crm.qa.testcases.PIMPageTest" name="createRecordTest" time="3.169"/>
  <testcase classname="com.crm.qa.testcases.PIMPageTest" name="createRecordTest" time="3.696"/>
</testsuite> <!-- Free CRM App Test Cases -->
