<?xml version="1.0" encoding="UTF-8"?>
<!-- Generated by org.testng.reporters.JUnitXMLReporter -->
<testsuite ignored="0" hostname="Anikets-MacBook-Air.local" failures="0" tests="11" name="Surefire test" time="73.539" errors="0" timestamp="2025-01-12T23:03:52 IST">
  <testcase classname="com.crm.qa.testcases.DashboardPageTest" name="userNameLabelTest" time="0.36"/>
  <testcase classname="com.crm.qa.testcases.ForgotPasswordPageTest" name="clickonForgotPass" time="0.95"/>
  <testcase classname="com.crm.qa.testcases.ForgotPasswordPageTest" name="validateHeading" time="1.621"/>
  <testcase classname="com.crm.qa.testcases.ForgotPasswordPageTest" name="resetPasswordTest" time="2.416"/>
  <testcase classname="com.crm.qa.testcases.AdminPageTest" name="clickCheckBoxTest" time="0.748"/>
  <testcase classname="com.crm.qa.testcases.LoginPageTest" name="loginPageTitleTest" time="0.002"/>
  <testcase classname="com.crm.qa.testcases.LoginPageTest" name="crmLogotestImage" time="0.368"/>
  <testcase classname="com.crm.qa.testcases.LoginPageTest" name="Login" time="1.553"/>
  <testcase classname="com.crm.qa.testcases.PIMPageTest" name="createRecordTest" time="0.752"/>
  <testcase classname="com.crm.qa.testcases.PIMPageTest" name="createRecordTest" time="0.753"/>
  <testcase classname="com.crm.qa.testcases.PIMPageTest" name="createRecordTest" time="0.745"/>
</testsuite> <!-- Surefire test -->
