<?xml version="1.0" encoding="UTF-8"?>
<testsuite xmlns:xsi="http://www.w3.org/2001/XMLSchema-instance" xsi:noNamespaceSchemaLocation="https://maven.apache.org/surefire/maven-surefire-plugin/xsd/surefire-test-report.xsd" version="3.0.1" name="TestSuite" time="73.776" tests="11" errors="0" skipped="0" failures="0">
  <properties>
[...]
</properties>
  <testcase name="userNameLabelTest" classname="com.crm.qa.testcases.DashboardPageTest" time="0.363">
    <system-err><![CDATA[SLF4J: Failed to load class "org.slf4j.impl.StaticLoggerBinder".
SLF4J: Defaulting to no-operation (NOP) logger implementation
SLF4J: See http://www.slf4j.org/codes.html#StaticLoggerBinder for further details.
]]></system-err>
  </testcase>
  <testcase name="clickonForgotPass" classname="com.crm.qa.testcases.ForgotPasswordPageTest" time="0.95"/>
  <testcase name="validateHeading" classname="com.crm.qa.testcases.ForgotPasswordPageTest" time="1.626">
    <system-out><![CDATA[Reset Password
]]></system-out>
  </testcase>
  <testcase name="resetPasswordTest" classname="com.crm.qa.testcases.ForgotPasswordPageTest" time="2.417">
    <system-out><![CDATA[Reset Password link sent successfully
]]></system-out>
  </testcase>
  <testcase name="clickCheckBoxTest" classname="com.crm.qa.testcases.AdminPageTest" time="0.747"/>
  <testcase name="loginPageTitleTest" classname="com.crm.qa.testcases.LoginPageTest" time="0.003"/>
  <testcase name="crmLogotestImage" classname="com.crm.qa.testcases.LoginPageTest" time="0.369"/>
  <testcase name="Login" classname="com.crm.qa.testcases.LoginPageTest" time="1.553"/>
  <testcase name="createRecordTest[aniket, Koth](1)" classname="com.crm.qa.testcases.PIMPageTest" time="0.752">
    <system-out><![CDATA[2025-01-12T17:33:25.999269Z main ERROR Log4j2 could not find a logging implementation. Please add log4j-core to the classpath. Using SimpleLogger to log to the console...
]]></system-out>
  </testcase>
  <testcase name="createRecordTest[Percy, Maha](2)" classname="com.crm.qa.testcases.PIMPageTest" time="0.751"/>
  <testcase name="createRecordTest[Rucha, Ping](3)" classname="com.crm.qa.testcases.PIMPageTest" time="0.737"/>
</testsuite>