<?xml version="1.0" encoding="UTF-8"?>
<testng-results ignored="0" total="11" passed="11" failed="0" skipped="0">
  <reporter-output>
  </reporter-output>
  <suite started-at="2025-01-12T23:02:39 IST" name="Surefire suite" finished-at="2025-01-12T23:03:52 IST" duration-ms="73539">
    <groups>
    </groups>
    <test started-at="2025-01-12T23:02:39 IST" name="Surefire test" finished-at="2025-01-12T23:03:52 IST" duration-ms="73539">
      <class name="com.crm.qa.testcases.ForgotPasswordPageTest">
        <test-method is-config="true" signature="setup()[pri:0, instance:com.crm.qa.testcases.ForgotPasswordPageTest@7ff95560]" started-at="2025-01-12T23:02:47 IST" name="setup" finished-at="2025-01-12T23:02:51 IST" duration-ms="3741" status="PASS">
          <reporter-output>
          </reporter-output>
        </test-method> <!-- setup -->
        <test-method signature="clickonForgotPass()[pri:1, instance:com.crm.qa.testcases.ForgotPasswordPageTest@7ff95560]" started-at="2025-01-12T23:02:51 IST" name="clickonForgotPass" finished-at="2025-01-12T23:02:52 IST" duration-ms="950" status="PASS">
          <reporter-output>
          </reporter-output>
        </test-method> <!-- clickonForgotPass -->
        <test-method is-config="true" signature="tearDown()[pri:0, instance:com.crm.qa.testcases.ForgotPasswordPageTest@7ff95560]" started-at="2025-01-12T23:02:52 IST" name="tearDown" finished-at="2025-01-12T23:02:52 IST" duration-ms="80" status="PASS">
          <reporter-output>
          </reporter-output>
        </test-method> <!-- tearDown -->
        <test-method is-config="true" signature="setup()[pri:0, instance:com.crm.qa.testcases.ForgotPasswordPageTest@7ff95560]" started-at="2025-01-12T23:02:52 IST" name="setup" finished-at="2025-01-12T23:02:56 IST" duration-ms="3925" status="PASS">
          <reporter-output>
          </reporter-output>
        </test-method> <!-- setup -->
        <test-method signature="validateHeading()[pri:2, instance:com.crm.qa.testcases.ForgotPasswordPageTest@7ff95560]" started-at="2025-01-12T23:02:56 IST" name="validateHeading" finished-at="2025-01-12T23:02:57 IST" duration-ms="1621" status="PASS">
          <reporter-output>
          </reporter-output>
        </test-method> <!-- validateHeading -->
        <test-method is-config="true" signature="tearDown()[pri:0, instance:com.crm.qa.testcases.ForgotPasswordPageTest@7ff95560]" started-at="2025-01-12T23:02:57 IST" name="tearDown" finished-at="2025-01-12T23:02:57 IST" duration-ms="96" status="PASS">
          <reporter-output>
          </reporter-output>
        </test-method> <!-- tearDown -->
        <test-method is-config="true" signature="setup()[pri:0, instance:com.crm.qa.testcases.ForgotPasswordPageTest@7ff95560]" started-at="2025-01-12T23:02:57 IST" name="setup" finished-at="2025-01-12T23:03:01 IST" duration-ms="3882" status="PASS">
          <reporter-output>
          </reporter-output>
        </test-method> <!-- setup -->
        <test-method signature="resetPasswordTest()[pri:3, instance:com.crm.qa.testcases.ForgotPasswordPageTest@7ff95560]" started-at="2025-01-12T23:03:01 IST" name="resetPasswordTest" finished-at="2025-01-12T23:03:04 IST" duration-ms="2416" status="PASS">
          <reporter-output>
          </reporter-output>
        </test-method> <!-- resetPasswordTest -->
        <test-method is-config="true" signature="tearDown()[pri:0, instance:com.crm.qa.testcases.ForgotPasswordPageTest@7ff95560]" started-at="2025-01-12T23:03:04 IST" name="tearDown" finished-at="2025-01-12T23:03:04 IST" duration-ms="90" status="PASS">
          <reporter-output>
          </reporter-output>
        </test-method> <!-- tearDown -->
      </class> <!-- com.crm.qa.testcases.ForgotPasswordPageTest -->
      <class name="com.crm.qa.testcases.DashboardPageTest">
        <test-method is-config="true" signature="setup()[pri:0, instance:com.crm.qa.testcases.DashboardPageTest@e50a6f6]" started-at="2025-01-12T23:02:39 IST" name="setup" finished-at="2025-01-12T23:02:46 IST" duration-ms="7510" status="PASS">
          <reporter-output>
          </reporter-output>
        </test-method> <!-- setup -->
        <test-method signature="userNameLabelTest()[pri:0, instance:com.crm.qa.testcases.DashboardPageTest@e50a6f6]" started-at="2025-01-12T23:02:46 IST" name="userNameLabelTest" finished-at="2025-01-12T23:02:47 IST" duration-ms="360" status="PASS">
          <reporter-output>
          </reporter-output>
        </test-method> <!-- userNameLabelTest -->
        <test-method is-config="true" signature="tearDown()[pri:0, instance:com.crm.qa.testcases.DashboardPageTest@e50a6f6]" started-at="2025-01-12T23:02:47 IST" name="tearDown" finished-at="2025-01-12T23:02:47 IST" duration-ms="98" status="PASS">
          <reporter-output>
          </reporter-output>
        </test-method> <!-- tearDown -->
      </class> <!-- com.crm.qa.testcases.DashboardPageTest -->
      <class name="com.crm.qa.testcases.PIMPageTest">
        <test-method is-config="true" signature="setup()[pri:0, instance:com.crm.qa.testcases.PIMPageTest@7ea37dbf]" started-at="2025-01-12T23:03:26 IST" name="setup" finished-at="2025-01-12T23:03:35 IST" duration-ms="8966" status="PASS">
          <reporter-output>
          </reporter-output>
        </test-method> <!-- setup -->
        <test-method signature="createRecordTest(java.lang.String,java.lang.String)[pri:1, instance:com.crm.qa.testcases.PIMPageTest@7ea37dbf]" started-at="2025-01-12T23:03:35 IST" name="createRecordTest" data-provider="getDataTest" finished-at="2025-01-12T23:03:35 IST" duration-ms="752" status="PASS">
          <params>
            <param index="0">
              <value>
                <![CDATA[aniket]]>
              </value>
            </param>
            <param index="1">
              <value>
                <![CDATA[Koth]]>
              </value>
            </param>
          </params>
          <reporter-output>
          </reporter-output>
        </test-method> <!-- createRecordTest -->
        <test-method is-config="true" signature="tearDown()[pri:0, instance:com.crm.qa.testcases.PIMPageTest@7ea37dbf]" started-at="2025-01-12T23:03:35 IST" name="tearDown" finished-at="2025-01-12T23:03:36 IST" duration-ms="94" status="PASS">
          <reporter-output>
          </reporter-output>
        </test-method> <!-- tearDown -->
        <test-method is-config="true" signature="setup()[pri:0, instance:com.crm.qa.testcases.PIMPageTest@7ea37dbf]" started-at="2025-01-12T23:03:36 IST" name="setup" finished-at="2025-01-12T23:03:43 IST" duration-ms="7544" status="PASS">
          <reporter-output>
          </reporter-output>
        </test-method> <!-- setup -->
        <test-method signature="createRecordTest(java.lang.String,java.lang.String)[pri:1, instance:com.crm.qa.testcases.PIMPageTest@7ea37dbf]" started-at="2025-01-12T23:03:43 IST" name="createRecordTest" data-provider="getDataTest" finished-at="2025-01-12T23:03:44 IST" duration-ms="753" status="PASS">
          <params>
            <param index="0">
              <value>
                <![CDATA[Percy]]>
              </value>
            </param>
            <param index="1">
              <value>
                <![CDATA[Maha]]>
              </value>
            </param>
          </params>
          <reporter-output>
          </reporter-output>
        </test-method> <!-- createRecordTest -->
        <test-method is-config="true" signature="tearDown()[pri:0, instance:com.crm.qa.testcases.PIMPageTest@7ea37dbf]" started-at="2025-01-12T23:03:44 IST" name="tearDown" finished-at="2025-01-12T23:03:44 IST" duration-ms="95" status="PASS">
          <reporter-output>
          </reporter-output>
        </test-method> <!-- tearDown -->
        <test-method is-config="true" signature="setup()[pri:0, instance:com.crm.qa.testcases.PIMPageTest@7ea37dbf]" started-at="2025-01-12T23:03:44 IST" name="setup" finished-at="2025-01-12T23:03:52 IST" duration-ms="7592" status="PASS">
          <reporter-output>
          </reporter-output>
        </test-method> <!-- setup -->
        <test-method signature="createRecordTest(java.lang.String,java.lang.String)[pri:1, instance:com.crm.qa.testcases.PIMPageTest@7ea37dbf]" started-at="2025-01-12T23:03:52 IST" name="createRecordTest" data-provider="getDataTest" finished-at="2025-01-12T23:03:52 IST" duration-ms="745" status="PASS">
          <params>
            <param index="0">
              <value>
                <![CDATA[Rucha]]>
              </value>
            </param>
            <param index="1">
              <value>
                <![CDATA[Ping]]>
              </value>
            </param>
          </params>
          <reporter-output>
          </reporter-output>
        </test-method> <!-- createRecordTest -->
        <test-method is-config="true" signature="tearDown()[pri:0, instance:com.crm.qa.testcases.PIMPageTest@7ea37dbf]" started-at="2025-01-12T23:03:52 IST" name="tearDown" finished-at="2025-01-12T23:03:52 IST" duration-ms="97" status="PASS">
          <reporter-output>
          </reporter-output>
        </test-method> <!-- tearDown -->
      </class> <!-- com.crm.qa.testcases.PIMPageTest -->
      <class name="com.crm.qa.testcases.LoginPageTest">
        <test-method is-config="true" signature="setup()[pri:0, instance:com.crm.qa.testcases.LoginPageTest@2aa3cd93]" started-at="2025-01-12T23:03:12 IST" name="setup" finished-at="2025-01-12T23:03:16 IST" duration-ms="3618" status="PASS">
          <reporter-output>
          </reporter-output>
        </test-method> <!-- setup -->
        <test-method signature="loginPageTitleTest()[pri:1, instance:com.crm.qa.testcases.LoginPageTest@2aa3cd93]" started-at="2025-01-12T23:03:16 IST" name="loginPageTitleTest" finished-at="2025-01-12T23:03:16 IST" duration-ms="2" status="PASS">
          <reporter-output>
          </reporter-output>
        </test-method> <!-- loginPageTitleTest -->
        <test-method is-config="true" signature="tearDown()[pri:0, instance:com.crm.qa.testcases.LoginPageTest@2aa3cd93]" started-at="2025-01-12T23:03:16 IST" name="tearDown" finished-at="2025-01-12T23:03:16 IST" duration-ms="83" status="PASS">
          <reporter-output>
          </reporter-output>
        </test-method> <!-- tearDown -->
        <test-method is-config="true" signature="setup()[pri:0, instance:com.crm.qa.testcases.LoginPageTest@2aa3cd93]" started-at="2025-01-12T23:03:16 IST" name="setup" finished-at="2025-01-12T23:03:20 IST" duration-ms="3834" status="PASS">
          <reporter-output>
          </reporter-output>
        </test-method> <!-- setup -->
        <test-method signature="crmLogotestImage()[pri:2, instance:com.crm.qa.testcases.LoginPageTest@2aa3cd93]" started-at="2025-01-12T23:03:20 IST" name="crmLogotestImage" finished-at="2025-01-12T23:03:20 IST" duration-ms="368" status="PASS">
          <reporter-output>
          </reporter-output>
        </test-method> <!-- crmLogotestImage -->
        <test-method is-config="true" signature="tearDown()[pri:0, instance:com.crm.qa.testcases.LoginPageTest@2aa3cd93]" started-at="2025-01-12T23:03:20 IST" name="tearDown" finished-at="2025-01-12T23:03:20 IST" duration-ms="85" status="PASS">
          <reporter-output>
          </reporter-output>
        </test-method> <!-- tearDown -->
        <test-method is-config="true" signature="setup()[pri:0, instance:com.crm.qa.testcases.LoginPageTest@2aa3cd93]" started-at="2025-01-12T23:03:20 IST" name="setup" finished-at="2025-01-12T23:03:24 IST" duration-ms="3775" status="PASS">
          <reporter-output>
          </reporter-output>
        </test-method> <!-- setup -->
        <test-method signature="Login()[pri:3, instance:com.crm.qa.testcases.LoginPageTest@2aa3cd93]" started-at="2025-01-12T23:03:24 IST" name="Login" finished-at="2025-01-12T23:03:25 IST" duration-ms="1553" status="PASS">
          <reporter-output>
          </reporter-output>
        </test-method> <!-- Login -->
        <test-method is-config="true" signature="tearDown()[pri:0, instance:com.crm.qa.testcases.LoginPageTest@2aa3cd93]" started-at="2025-01-12T23:03:25 IST" name="tearDown" finished-at="2025-01-12T23:03:25 IST" duration-ms="92" status="PASS">
          <reporter-output>
          </reporter-output>
        </test-method> <!-- tearDown -->
      </class> <!-- com.crm.qa.testcases.LoginPageTest -->
      <class name="com.crm.qa.testcases.AdminPageTest">
        <test-method is-config="true" signature="setup()[pri:0, instance:com.crm.qa.testcases.AdminPageTest@add0edd]" started-at="2025-01-12T23:03:04 IST" name="setup" finished-at="2025-01-12T23:03:11 IST" duration-ms="7552" status="PASS">
          <reporter-output>
          </reporter-output>
        </test-method> <!-- setup -->
        <test-method signature="clickCheckBoxTest()[pri:0, instance:com.crm.qa.testcases.AdminPageTest@add0edd]" started-at="2025-01-12T23:03:11 IST" name="clickCheckBoxTest" finished-at="2025-01-12T23:03:12 IST" duration-ms="748" status="PASS">
          <reporter-output>
          </reporter-output>
        </test-method> <!-- clickCheckBoxTest -->
        <test-method is-config="true" signature="tearDown()[pri:0, instance:com.crm.qa.testcases.AdminPageTest@add0edd]" started-at="2025-01-12T23:03:12 IST" name="tearDown" finished-at="2025-01-12T23:03:12 IST" duration-ms="82" status="PASS">
          <reporter-output>
          </reporter-output>
        </test-method> <!-- tearDown -->
      </class> <!-- com.crm.qa.testcases.AdminPageTest -->
    </test> <!-- Surefire test -->
  </suite> <!-- Surefire suite -->
</testng-results>
