<?xml version="1.0" encoding="UTF-8"?>
<testng-results ignored="0" total="1" passed="1" failed="0" skipped="0">
  <reporter-output>
  </reporter-output>
  <suite started-at="2025-01-12T21:36:22 IST" name="Default suite" finished-at="2025-01-12T21:37:10 IST" duration-ms="48039">
    <groups>
    </groups>
    <test started-at="2025-01-12T21:36:22 IST" name="Default test" finished-at="2025-01-12T21:37:10 IST" duration-ms="48039">
      <class name="com.crm.qa.testcases.AdminPageTest">
        <test-method is-config="true" signature="setup()[pri:0, instance:com.crm.qa.testcases.AdminPageTest@53fe15ff]" started-at="2025-01-12T21:36:22 IST" name="setup" finished-at="2025-01-12T21:37:06 IST" duration-ms="43923" status="PASS">
          <reporter-output>
          </reporter-output>
        </test-method> <!-- setup -->
        <test-method signature="clickCheckBoxTest()[pri:0, instance:com.crm.qa.testcases.AdminPageTest@53fe15ff]" started-at="2025-01-12T21:37:06 IST" name="clickCheckBoxTest" finished-at="2025-01-12T21:37:10 IST" duration-ms="3848" status="PASS">
          <reporter-output>
          </reporter-output>
        </test-method> <!-- clickCheckBoxTest -->
        <test-method is-config="true" signature="tearDown()[pri:0, instance:com.crm.qa.testcases.AdminPageTest@53fe15ff]" started-at="2025-01-12T21:37:10 IST" name="tearDown" finished-at="2025-01-12T21:37:10 IST" duration-ms="155" status="PASS">
          <reporter-output>
          </reporter-output>
        </test-method> <!-- tearDown -->
      </class> <!-- com.crm.qa.testcases.AdminPageTest -->
    </test> <!-- Default test -->
  </suite> <!-- Default suite -->
</testng-results>
