<?xml version="1.0" encoding="UTF-8"?>
<!-- Generated by org.testng.reporters.JUnitReportReporter -->
<testsuite hostname="Anikets-MacBook-Air.local" failures="0" tests="3" name="com.crm.qa.testcases.LoginPageTest" time="53.153" errors="0" timestamp="2025-01-12T19:52:09 IST" skipped="0">
  <testcase classname="com.crm.qa.testcases.LoginPageTest" name="loginPageTitleTest" time="12.223"/>
  <testcase classname="com.crm.qa.testcases.LoginPageTest" name="crmLogotestImage" time="19.661"/>
  <testcase classname="com.crm.qa.testcases.LoginPageTest" name="Login" time="21.269"/>
</testsuite> <!-- com.crm.qa.testcases.LoginPageTest -->
