<?xml version="1.0" encoding="UTF-8"?>
<!-- Generated by org.testng.reporters.JUnitReportReporter -->
<testsuite hostname="Anikets-MacBook-Air.local" failures="0" tests="3" name="com.crm.qa.testcases.ForgotPasswordPageTest" time="70.321" errors="0" timestamp="2025-01-12T19:52:09 IST" skipped="0">
  <testcase classname="com.crm.qa.testcases.ForgotPasswordPageTest" name="clickonForgotPass" time="18.752"/>
  <testcase classname="com.crm.qa.testcases.ForgotPasswordPageTest" name="validateHeading" time="22.237"/>
  <testcase classname="com.crm.qa.testcases.ForgotPasswordPageTest" name="resetPasswordTest" time="29.332"/>
</testsuite> <!-- com.crm.qa.testcases.ForgotPasswordPageTest -->
