<?xml version="1.0" encoding="UTF-8"?>
<!-- Generated by org.testng.reporters.JUnitReportReporter -->
<testsuite hostname="Anikets-MacBook-Air.local" failures="0" tests="3" name="com.crm.qa.testcases.PIMPageTest" time="164.886" errors="0" timestamp="2025-01-12T19:52:09 IST" skipped="0">
  <testcase classname="com.crm.qa.testcases.PIMPageTest" name="createRecordTest" time="56.795"/>
  <testcase classname="com.crm.qa.testcases.PIMPageTest" name="createRecordTest" time="56.690"/>
  <testcase classname="com.crm.qa.testcases.PIMPageTest" name="createRecordTest" time="51.401"/>
</testsuite> <!-- com.crm.qa.testcases.PIMPageTest -->
