<?xml version="1.0" encoding="UTF-8"?>
<!-- Generated by org.testng.reporters.JUnitReportReporter -->
<testsuite hostname="Anikets-MacBook-Air.local" failures="0" tests="3" name="com.crm.qa.testcases.LoginPageTest" time="13.410" errors="0" timestamp="2025-01-12T23:03:52 IST" skipped="0">
  <testcase classname="com.crm.qa.testcases.LoginPageTest" name="loginPageTitleTest" time="3.703"/>
  <testcase classname="com.crm.qa.testcases.LoginPageTest" name="crmLogotestImage" time="4.235"/>
  <testcase classname="com.crm.qa.testcases.LoginPageTest" name="Login" time="5.472"/>
</testsuite> <!-- com.crm.qa.testcases.LoginPageTest -->
