<?xml version="1.0" encoding="UTF-8"?>
<!-- Generated by org.testng.reporters.JUnitReportReporter -->
<testsuite hostname="Anikets-MacBook-Air.local" failures="0" tests="3" name="com.crm.qa.testcases.PIMPageTest" time="26.638" errors="0" timestamp="2025-01-12T23:03:52 IST" skipped="0">
  <testcase classname="com.crm.qa.testcases.PIMPageTest" name="createRecordTest" time="9.812"/>
  <testcase classname="com.crm.qa.testcases.PIMPageTest" name="createRecordTest" time="8.394"/>
  <testcase classname="com.crm.qa.testcases.PIMPageTest" name="createRecordTest" time="8.432"/>
</testsuite> <!-- com.crm.qa.testcases.PIMPageTest -->
