<?xml version="1.0" encoding="UTF-8"?>
<!-- Generated by org.testng.reporters.JUnitReportReporter -->
<testsuite hostname="Anikets-MacBook-Air.local" failures="0" tests="3" name="com.crm.qa.testcases.ForgotPasswordPageTest" time="16.801" errors="0" timestamp="2025-01-12T23:03:52 IST" skipped="0">
  <testcase classname="com.crm.qa.testcases.ForgotPasswordPageTest" name="clickonForgotPass" time="4.787"/>
  <testcase classname="com.crm.qa.testcases.ForgotPasswordPageTest" name="validateHeading" time="5.593"/>
  <testcase classname="com.crm.qa.testcases.ForgotPasswordPageTest" name="resetPasswordTest" time="6.421"/>
</testsuite> <!-- com.crm.qa.testcases.ForgotPasswordPageTest -->
